<?xml version="1.0" encoding="UTF-8"?>
<!-- Generated by org.testng.reporters.JUnitXMLReporter -->
<testsuite ignored="0" hostname="sivaji" failures="0" tests="3" name="Submit Order Test Result" time="46.367" errors="0" timestamp="2024-10-17T09:40:52 CDT">
  <testcase classname="rahulshettyacademy.Tests.SubmitOrderTest" name="submitOrderTest" time="16.942"/>
  <testcase classname="rahulshettyacademy.Tests.SubmitOrderTest" name="submitOrderTest" time="12.698"/>
  <testcase classname="rahulshettyacademy.Tests.SubmitOrderTest" name="orderHistoryTest" time="1.351"/>
</testsuite> <!-- Submit Order Test Result -->
