<?xml version="1.0" encoding="UTF-8"?>
<!-- Generated by org.testng.reporters.JUnitXMLReporter -->
<testsuite ignored="0" hostname="sivaji" failures="0" tests="2" name="Error Validations Test Result" time="28.989" errors="0" timestamp="2024-10-21T13:17:39 CDT">
  <testcase classname="rahulshettyacademy.Tests.ErrorValidationsTest" name="loginErrorValidation" time="1.486"/>
  <testcase classname="rahulshettyacademy.Tests.ErrorValidationsTest" name="productErrorValidation" time="11.689"/>
</testsuite> <!-- Error Validations Test Result -->
